<?xml version="1.0" encoding="UTF-8"?>
<!-- Generated by org.testng.reporters.JUnitReportReporter -->
<testsuite skipped="0" hostname="selenium" name="workingwithelements.FileUploadUsingRobot" tests="1" failures="0" timestamp="10 Feb 2018 17:08:00 GMT" time="10.597" errors="0">
  <testcase name="FileUploadWithRobot" time="10.597" classname="workingwithelements.FileUploadUsingRobot"/>
</testsuite> <!-- workingwithelements.FileUploadUsingRobot -->
