<?xml version="1.0" encoding="UTF-8"?>
<!-- Generated by org.testng.reporters.JUnitReportReporter -->
<testsuite skipped="0" hostname="selenium" name="workingwithelements.CheckAllBrokenImages" tests="1" failures="0" timestamp="10 Feb 2018 17:21:28 GMT" time="1.668" errors="0">
  <testcase name="testBrokenImages" time="1.668" classname="workingwithelements.CheckAllBrokenImages"/>
</testsuite> <!-- workingwithelements.CheckAllBrokenImages -->
