<?xml version="1.0" encoding="UTF-8"?>
<!-- Generated by org.testng.reporters.JUnitReportReporter -->
<testsuite skipped="0" hostname="selenium" name="workingwithelements.TestHTML5Canvas" tests="1" failures="0" timestamp="08 Feb 2018 14:50:40 GMT" time="4.465" errors="0">
  <testcase name="testHTMLCanvas" time="4.465" classname="workingwithelements.TestHTML5Canvas"/>
</testsuite> <!-- workingwithelements.TestHTML5Canvas -->
