<?xml version="1.0" encoding="UTF-8"?>
<!-- Generated by org.testng.reporters.JUnitReportReporter -->
<testsuite skipped="0" hostname="selenium" name="workingwithelements.DownloadFileWithFireFoxOptions" tests="1" failures="0" timestamp="10 Feb 2018 23:46:13 GMT" time="8.250" errors="0">
  <testcase name="TestDownloadFile" time="8.250" classname="workingwithelements.DownloadFileWithFireFoxOptions"/>
</testsuite> <!-- workingwithelements.DownloadFileWithFireFoxOptions -->
