<?xml version="1.0" encoding="UTF-8"?>
<!-- Generated by org.testng.reporters.JUnitReportReporter -->
<testsuite skipped="0" hostname="selenium" name="workingwithelements.TestFrame" tests="1" failures="0" timestamp="04 Feb 2018 13:53:47 GMT" time="0.287" errors="0">
  <testcase name="testFrameWithIdOrName" time="0.287" classname="workingwithelements.TestFrame"/>
</testsuite> <!-- workingwithelements.TestFrame -->
