<?xml version="1.0" encoding="UTF-8"?>
<!-- Generated by org.testng.reporters.JUnitReportReporter -->
<testsuite skipped="0" hostname="selenium" name="workingwithelements.TestContextMenu" tests="1" failures="0" timestamp="04 Feb 2018 17:05:17 GMT" time="3.198" errors="0">
  <testcase name="testContextMenu" time="3.198" classname="workingwithelements.TestContextMenu"/>
</testsuite> <!-- workingwithelements.TestContextMenu -->
