<?xml version="1.0" encoding="UTF-8"?>
<!-- Generated by org.testng.reporters.JUnitReportReporter -->
<testsuite skipped="0" hostname="selenium" name="findingelements.TestBrowserCommands" tests="1" failures="0" timestamp="10 Dec 2017 14:59:07 GMT" time="0.934" errors="0">
  <testcase name="testBrowserCommands" time="0.934" classname="findingelements.TestBrowserCommands"/>
</testsuite> <!-- findingelements.TestBrowserCommands -->
