<?xml version="1.0" encoding="UTF-8"?>
<!-- Generated by org.testng.reporters.JUnitReportReporter -->
<testsuite skipped="0" hostname="selenium" name="workingwithelements.TestFluentWait" tests="1" failures="0" timestamp="04 Feb 2018 21:40:07 GMT" time="0.304" errors="0">
  <testcase name="testImplicityWait" time="0.304" classname="workingwithelements.TestFluentWait"/>
</testsuite> <!-- workingwithelements.TestFluentWait -->
