<?xml version="1.0" encoding="UTF-8"?>
<!-- Generated by org.testng.reporters.JUnitReportReporter -->
<testsuite skipped="0" hostname="selenium" name="findingelements.FindElementByTagName" tests="1" failures="0" timestamp="10 Dec 2017 16:14:39 GMT" time="0.513" errors="0">
  <testcase name="testFindByTageName" time="0.513" classname="findingelements.FindElementByTagName"/>
</testsuite> <!-- findingelements.FindElementByTagName -->
