<?xml version="1.0" encoding="UTF-8"?>
<!-- Generated by org.testng.reporters.JUnitReportReporter -->
<testsuite skipped="1" hostname="selenium" name="findingelements.FindElementByXPath" tests="2" failures="0" timestamp="10 Dec 2017 17:17:40 GMT" time="0.088" errors="0">
  <testcase name="testFindByRelativeXPath" time="0.088" classname="findingelements.FindElementByXPath"/>
  <testcase name="testFindByAbsoulteXPath" classname="findingelements.FindElementByXPath">
    <skipped/>
  </testcase> <!-- testFindByAbsoulteXPath -->
</testsuite> <!-- findingelements.FindElementByXPath -->
