<?xml version="1.0" encoding="UTF-8"?>
<!-- Generated by org.testng.reporters.JUnitReportReporter -->
<testsuite skipped="0" hostname="selenium" name="workingwithelements.TestJavaScriptCalls" tests="1" failures="0" timestamp="04 Feb 2018 17:30:45 GMT" time="0.024" errors="0">
  <testcase name="testJavaScript" time="0.024" classname="workingwithelements.TestJavaScriptCalls"/>
</testsuite> <!-- workingwithelements.TestJavaScriptCalls -->
