<?xml version="1.0" encoding="UTF-8"?>
<!-- Generated by org.testng.reporters.JUnitReportReporter -->
<testsuite skipped="0" hostname="selenium" name="findingelements.FindByCSSSelector" tests="1" failures="0" timestamp="10 Dec 2017 16:29:30 GMT" time="0.179" errors="0">
  <testcase name="testFindByCSSSelector" time="0.179" classname="findingelements.FindByCSSSelector"/>
</testsuite> <!-- findingelements.FindByCSSSelector -->
