<?xml version="1.0" encoding="UTF-8"?>
<!-- Generated by org.testng.reporters.JUnitReportReporter -->
<testsuite skipped="0" hostname="selenium" name="findingelements.FindLinksByLinkText" tests="2" failures="0" timestamp="10 Dec 2017 15:21:36 GMT" time="0.113" errors="0">
  <testcase name="textLinkPartialText" time="0.052" classname="findingelements.FindLinksByLinkText"/>
  <testcase name="textLinkText" time="0.061" classname="findingelements.FindLinksByLinkText"/>
</testsuite> <!-- findingelements.FindLinksByLinkText -->
