<?xml version="1.0" encoding="UTF-8"?>
<!-- Generated by org.testng.reporters.JUnitReportReporter -->
<testsuite skipped="0" hostname="selenium" name="workingwithelements.TestCookies" tests="1" failures="0" timestamp="08 Feb 2018 16:56:29 GMT" time="15.821" errors="0">
  <testcase name="addCookie" time="15.821" classname="workingwithelements.TestCookies"/>
</testsuite> <!-- workingwithelements.TestCookies -->
