<?xml version="1.0" encoding="UTF-8"?>
<!-- Generated by org.testng.reporters.JUnitReportReporter -->
<testsuite skipped="0" hostname="TN-NMemmiche" name="findingelements.FindElementByName" tests="1" failures="0" timestamp="11 juin 2022 23:39:40 GMT" time="0.052" errors="0">
  <testcase name="findElemenyByName" time="0.052" classname="findingelements.FindElementByName"/>
</testsuite> <!-- findingelements.FindElementByName -->
