<?xml version="1.0" encoding="UTF-8"?>
<!-- Generated by org.testng.reporters.JUnitReportReporter -->
<testsuite skipped="0" hostname="selenium" name="workingwithelements.TestExplicitWait" tests="1" failures="0" timestamp="04 Feb 2018 20:45:13 GMT" time="1.444" errors="0">
  <testcase name="testImplicityWait" time="1.444" classname="workingwithelements.TestExplicitWait"/>
</testsuite> <!-- workingwithelements.TestExplicitWait -->
