<?xml version="1.0" encoding="UTF-8"?>
<!-- Generated by org.testng.reporters.JUnitReportReporter -->
<testsuite skipped="0" hostname="selenium" name="workingwithelements.TestHTML5CanvasDrawing" tests="1" failures="0" timestamp="08 Feb 2018 13:47:13 GMT" time="1.473" errors="0">
  <testcase name="testHTML5CanvasDrawing" time="1.473" classname="workingwithelements.TestHTML5CanvasDrawing"/>
</testsuite> <!-- workingwithelements.TestHTML5CanvasDrawing -->
