<?xml version="1.0" encoding="UTF-8"?>
<!-- Generated by org.testng.reporters.JUnitReportReporter -->
<testsuite skipped="0" hostname="selenium" name="workingwithelements.TestMultipleWindows" tests="2" failures="0" timestamp="04 Feb 2018 15:11:50 GMT" time="2.406" errors="0">
  <testcase name="testWindowUsingTitle" time="1.208" classname="workingwithelements.TestMultipleWindows"/>
  <testcase name="testWindowUsingName" time="1.198" classname="workingwithelements.TestMultipleWindows"/>
</testsuite> <!-- workingwithelements.TestMultipleWindows -->
