<?xml version="1.0" encoding="UTF-8"?>
<!-- Generated by org.testng.reporters.JUnitReportReporter -->
<testsuite skipped="0" hostname="selenium" name="findingelements.FindElementInTableByTagName" tests="1" failures="0" timestamp="10 Dec 2017 15:47:10 GMT" time="0.172" errors="0">
  <testcase name="testFindByTageName" time="0.172" classname="findingelements.FindElementInTableByTagName"/>
</testsuite> <!-- findingelements.FindElementInTableByTagName -->
