<?xml version="1.0" encoding="UTF-8"?>
<!-- Generated by org.testng.reporters.JUnitReportReporter -->
<testsuite skipped="0" hostname="selenium" name="workingwithelements.TestImplicitWait" tests="1" failures="0" timestamp="04 Feb 2018 18:14:24 GMT" time="0.300" errors="0">
  <testcase name="testImplicityWait" time="0.300" classname="workingwithelements.TestImplicitWait"/>
</testsuite> <!-- workingwithelements.TestImplicitWait -->
