<?xml version="1.0" encoding="UTF-8"?>
<!-- Generated by org.testng.reporters.JUnitReportReporter -->
<testsuite skipped="0" hostname="TN-NMemmiche" name="findingelements.FindElementByID" tests="1" failures="0" timestamp="11 juin 2022 23:28:24 GMT" time="0.076" errors="0">
  <testcase name="findElemenyByID" time="0.076" classname="findingelements.FindElementByID"/>
</testsuite> <!-- findingelements.FindElementByID -->
