<?xml version="1.0" encoding="UTF-8"?>
<!-- Generated by org.testng.reporters.JUnitReportReporter -->
<testsuite skipped="0" hostname="selenium" name="workingwithelements.FileDownloadWithChromeOptions" tests="1" failures="0" timestamp="11 Feb 2018 00:04:47 GMT" time="3.192" errors="0">
  <testcase name="testDownloadFile" time="3.192" classname="workingwithelements.FileDownloadWithChromeOptions"/>
</testsuite> <!-- workingwithelements.FileDownloadWithChromeOptions -->
