<?xml version="1.0" encoding="UTF-8"?>
<!-- Generated by org.testng.reporters.JUnitReportReporter -->
<testsuite skipped="0" hostname="selenium" name="findingelements.FindElementByClass" tests="1" failures="0" timestamp="10 Dec 2017 14:02:19 GMT" time="0.139" errors="0">
  <testcase name="findElemenyByName" time="0.139" classname="findingelements.FindElementByClass"/>
</testsuite> <!-- findingelements.FindElementByClass -->
