<?xml version="1.0" encoding="UTF-8"?>
<!-- Generated by org.testng.reporters.JUnitReportReporter -->
<testsuite skipped="0" hostname="selenium" name="workingwithelements.CheckAllBrokenLinks" tests="1" failures="0" timestamp="10 Feb 2018 23:18:47 GMT" time="8.486" errors="0">
  <testcase name="testBrokenLinks" time="8.486" classname="workingwithelements.CheckAllBrokenLinks"/>
</testsuite> <!-- workingwithelements.CheckAllBrokenLinks -->
